Invalid transaction ID received 0x0 (not 0x3)
ERROR Connection timed out: select
ERROR Connection timed out: select
Connecting to 127.0.0.1:1502
** UNIT TESTING **
1/1 No response timeout modification on connect: OK

TEST SLAVE REPLY:
[00][01][00][00][00][06][12][03][01][60][00][03]
Waiting for a confirmation...
<00><01><00><00><00><09><12><03><06><00><00><00><00><00><00>
1/3 Response from slave 18: OK
OK
[00][02][00][00][00][06][00][03][01][60][00][03]
Waiting for a confirmation...
<00><02><00><00><00><09><00><03><06><00><00><00><00><00><00>
2/3 Reply after a query with unit id == 0: OK
3/3 Response with an invalid TID or slave: [00][03][00][00][00][06][FF][03][01][71][00][01]
Waiting for a confirmation...
<00><00><00><00><00><05><FF><03><02><00><00>
Bytes flushed (0)
OK
1/2 Report slave ID truncated: 
[00][04][00][00][00][02][FF][11]
Waiting for a confirmation...
<00><04><00><00><00><0D><FF><11><0A><B4><FF><4C><4D><42><33><2E><31><2E><37>
OK
2/2 Report slave ID: 
[00][05][00][00][00][02][FF][11]
Waiting for a confirmation...
<00><05><00><00><00><0D><FF><11><0A><B4><FF><4C><4D><42><33><2E><31><2E><37>
OK
OK
OK
Additional data: LMB3.1.7
1/6 Invalid response timeout (zero): OK
2/6 Invalid response timeout (too large us): OK
3/6 Invalid byte timeout (too large us): OK
[00][06][00][00][00][06][FF][03][01][60][00][03]
Waiting for a confirmation...
<00><06><00><00><00><09><FF><03><06><00><00><00><00><00><00>
4/6 1us response timeout: FAILED (can fail on some platforms)
Bytes flushed (0)
[00][07][00][00][00][06][FF][03][01][72][00][01]
Waiting for a confirmation...
Bytes flushed (0)
5/6 Too short response timeout (0.2s < 0.5s): OK
Bytes flushed (11)
[00][08][00][00][00][06][FF][03][01][72][00][01]
Waiting for a confirmation...
<00><08><00><00><00><05><FF><03><02><00><00>
6/6 Adequate response timeout (0.6s > 0.5s): OK
[00][09][00][00][00][06][FF][03][01][72][00][01]
Waiting for a confirmation...
<00><09><00><00><00><05><FF><03><02><00><00>
7/7 Disable byte timeout: OK
[00][0A][00][00][00][06][FF][03][01][73][00][01]
Waiting for a confirmation...
<00>Bytes flushed (10)
1/2 Too small byte timeout (3ms < 5ms): OK
Bytes flushed (0)
[00][0B][00][00][00][06][FF][03][01][73][00][01]
Waiting for a confirmation...
<00><0B><00><00><00><05><FF><03><02><00><00>
2/2 Adapted byte timeout (7ms > 5ms): OK

ALL TESTS PASS WITH SUCCESS.
