Illegal nb of values 0 in read_registers (max 125)
ERROR Connection reset by peer: read
The client connection from 127.0.0.1 is accepted
Waiting for an indication...
<00><01><00><00><00><06><FF><05><01><30><FF><00>
[00][01][00][00][00][06][FF][05][01][30][FF][00]
Waiting for an indication...
<00><02><00><00><00><06><FF><01><01><30><00><01>
[00][02][00][00][00][04][FF][01][01][01]
Waiting for an indication...
<00><03><00><00><00><0C><FF><0F><01><30><00><25><05><CD><6B><B2><0E><1B>
[00][03][00][00][00][06][FF][0F][01][30][00][25]
Waiting for an indication...
<00><04><00><00><00><06><FF><01><01><30><00><25>
[00][04][00][00][00][08][FF][01][05][CD][6B][B2][0E][1B]
Waiting for an indication...
<00><05><00><00><00><06><FF><02><01><C4><00><16>
[00][05][00][00][00][06][FF][02][03][AC][DB][35]
Waiting for an indication...
<00><06><00><00><00><06><FF><06><01><60><12><34>
[00][06][00][00][00][06][FF][06][01][60][12][34]
Waiting for an indication...
<00><07><00><00><00><06><FF><03><01><60><00><01>
[00][07][00][00][00][05][FF][03][02][12][34]
Waiting for an indication...
<00><08><00><00><00><0D><FF><10><01><60><00><03><06><02><2B><00><01><00><64>
[00][08][00][00][00][06][FF][10][01][60][00][03]
Waiting for an indication...
<00><09><00><00><00><06><FF><03><01><60><00><03>
[00][09][00][00][00][09][FF][03][06][02][2B][00][01][00][64]
Waiting for an indication...
<00><0A><00><00><00><06><FF><03><01><60><00><00>
Bytes flushed (0)
[00][0A][00][00][00][03][FF][83][03]
Waiting for an indication...
<00><0B><00><00><00><0F><FF><17><01><60><00><03><01><61><00><02><04><00><00><00><00>
[00][0B][00][00][00][09][FF][17][06][02][2B][00][00][00][00]
Waiting for an indication...
<00><0C><00><00><00><06><FF><04><01><08><00><01>
[00][0C][00][00][00][05][FF][04][02][00][0A]
Waiting for an indication...
<00><0D><00><00><00><06><FF><06><01><60><00><12>
[00][0D][00][00][00][06][FF][06][01][60][00][12]
Waiting for an indication...
<00><0E><00><00><00><08><FF><16><01><60><00><F2><00><25>
[00][0E][00][00][00][08][FF][16][01][60][00][F2][00][25]
Waiting for an indication...
<00><0F><00><00><00><06><FF><03><01><60><00><01>
[00][0F][00][00][00][05][FF][03][02][00][17]
Waiting for an indication...
Quit the loop: Connection reset by peer
